<?xml version="1.0" encoding="UTF-8"?>
<!-- Generated by org.testng.reporters.JUnitReportReporter -->
<testsuite hostname="DESKTOP-3L3U818" failures="0" tests="1" name="TestScripts.Comparison" time="11.027" errors="0" timestamp="2024-09-03T10:39:06 IST" skipped="0">
  <testcase classname="TestScripts.Comparison" name="compareProds" time="11.027"/>
  <system-out/>
</testsuite> <!-- TestScripts.Comparison -->
