<?xml version="1.0" encoding="UTF-8"?>
<!-- Generated by org.testng.reporters.JUnitReportReporter -->
<testsuite hostname="DESKTOP-3L3U818" failures="0" tests="1" name="TestScripts.Comparison" time="13.730" errors="0" timestamp="2024-09-03T21:06:25 IST" skipped="0">
  <testcase classname="TestScripts.Comparison" name="compareProds" time="13.730"/>
</testsuite> <!-- TestScripts.Comparison -->
